<?xml version="1.0" encoding="UTF-8"?>
<testng-results skipped="0" failed="1" ignored="0" total="1" passed="0">
  <reporter-output>
  </reporter-output>
  <suite name="Default suite" duration-ms="28886" started-at="2021-06-12T17:58:22Z" finished-at="2021-06-12T17:58:51Z">
    <groups>
    </groups>
    <test name="Default test" duration-ms="28886" started-at="2021-06-12T17:58:22Z" finished-at="2021-06-12T17:58:51Z">
      <class name="learnSeleniumScratch.TestContactUs">
        <test-method status="PASS" signature="SetUpBrowser()[pri:0, instance:learnSeleniumScratch.TestContactUs@45f292]" name="SetUpBrowser" is-config="true" duration-ms="28711" started-at="2021-06-12T17:58:22Z" finished-at="2021-06-12T17:58:51Z">
          <reporter-output>
          </reporter-output>
        </test-method> <!-- SetUpBrowser -->
        <test-method status="FAIL" signature="testContactUs()[pri:0, instance:learnSeleniumScratch.TestContactUs@45f292]" name="testContactUs" duration-ms="11" started-at="2021-06-12T17:58:51Z" finished-at="2021-06-12T17:58:51Z">
          <exception class="java.lang.Error">
            <message>
              <![CDATA[Unresolved compilation problems: 
The constructor Contact_Us(WebDriver) is undefined
The method setName(String) is undefined for the type Contact_Us
The method setMob(String) is undefined for the type Contact_Us
The method setEmail(String) is undefined for the type Contact_Us
The method setMessage(String) is undefined for the type Contact_Us
]]>
            </message>
            <full-stacktrace>
              <![CDATA[java.lang.Error: Unresolved compilation problems: 
The constructor Contact_Us(WebDriver) is undefined
The method setName(String) is undefined for the type Contact_Us
The method setMob(String) is undefined for the type Contact_Us
The method setEmail(String) is undefined for the type Contact_Us
The method setMessage(String) is undefined for the type Contact_Us

at learnSeleniumScratch.TestContactUs.testContactUs(TestContactUs.java:23)
at sun.reflect.NativeMethodAccessorImpl.invoke0(Native Method)
at sun.reflect.NativeMethodAccessorImpl.invoke(Unknown Source)
at sun.reflect.DelegatingMethodAccessorImpl.invoke(Unknown Source)
at java.lang.reflect.Method.invoke(Unknown Source)
at org.testng.internal.MethodInvocationHelper.invokeMethod(MethodInvocationHelper.java:124)
at org.testng.internal.Invoker.invokeMethod(Invoker.java:583)
at org.testng.internal.Invoker.invokeTestMethod(Invoker.java:719)
at org.testng.internal.Invoker.invokeTestMethods(Invoker.java:989)
at org.testng.internal.TestMethodWorker.invokeTestMethods(TestMethodWorker.java:125)
at org.testng.internal.TestMethodWorker.run(TestMethodWorker.java:109)
at org.testng.TestRunner.privateRun(TestRunner.java:648)
at org.testng.TestRunner.run(TestRunner.java:505)
at org.testng.SuiteRunner.runTest(SuiteRunner.java:455)
at org.testng.SuiteRunner.runSequentially(SuiteRunner.java:450)
at org.testng.SuiteRunner.privateRun(SuiteRunner.java:415)
at org.testng.SuiteRunner.run(SuiteRunner.java:364)
at org.testng.SuiteRunnerWorker.runSuite(SuiteRunnerWorker.java:52)
at org.testng.SuiteRunnerWorker.run(SuiteRunnerWorker.java:84)
at org.testng.TestNG.runSuitesSequentially(TestNG.java:1208)
at org.testng.TestNG.runSuitesLocally(TestNG.java:1137)
at org.testng.TestNG.runSuites(TestNG.java:1049)
at org.testng.TestNG.run(TestNG.java:1017)
at org.testng.remote.AbstractRemoteTestNG.run(AbstractRemoteTestNG.java:132)
at org.testng.remote.RemoteTestNG.initAndRun(RemoteTestNG.java:230)
at org.testng.remote.RemoteTestNG.main(RemoteTestNG.java:76)
]]>
            </full-stacktrace>
          </exception> <!-- java.lang.Error -->
          <reporter-output>
          </reporter-output>
        </test-method> <!-- testContactUs -->
      </class> <!-- learnSeleniumScratch.TestContactUs -->
    </test> <!-- Default test -->
  </suite> <!-- Default suite -->
</testng-results>
